<?xml version="1.0" encoding="UTF-8"?>
<!-- Generated by org.testng.reporters.JUnitReportReporter -->
<testsuite hostname="RajneeshJatt" failures="0" tests="1" name="com.aspireapp.automation.test.LoginTest" time="5.101" errors="0" timestamp="2022-01-24T17:24:51 IST" skipped="0">
  <testcase classname="com.aspireapp.automation.test.LoginTest" name="verifyLoginFunctionality" time="5.101"/>
  <system-out/>
</testsuite> <!-- com.aspireapp.automation.test.LoginTest -->
