<?xml version="1.0" encoding="UTF-8"?>
<!-- Generated by org.testng.reporters.JUnitReportReporter -->
<testsuite hostname="RajneeshJatt" failures="0" tests="6" name="com.aspireapp.automation.test.InventoryTest" time="24.476" errors="0" timestamp="2022-01-24T17:31:24 IST" skipped="0">
  <testcase classname="com.aspireapp.automation.test.InventoryTest" name="verifyInventorySectionDisplayed" time="7.446"/>
  <system-out/>
  <testcase classname="com.aspireapp.automation.test.InventoryTest" name="verifyCreateProductsSectionDisplayed" time="4.599"/>
  <system-out/>
  <testcase classname="com.aspireapp.automation.test.InventoryTest" name="verifyCreateProductFormDisplayed" time="3.916"/>
  <system-out/>
  <testcase classname="com.aspireapp.automation.test.InventoryTest" name="verifyCreateProductFunctionality" time="2.601"/>
  <system-out/>
  <testcase classname="com.aspireapp.automation.test.InventoryTest" name="verifyManufactoringSectionDisplayed" time="3.399"/>
  <system-out/>
  <testcase classname="com.aspireapp.automation.test.InventoryTest" name="verifyCreateManufacturingItem" time="2.515"/>
  <system-out/>
</testsuite> <!-- com.aspireapp.automation.test.InventoryTest -->
